#
# A fatal error has been detected by the Java Runtime Environment:
#
#  EXCEPTION_ACCESS_VIOLATION (0xc0000005) at pc=0x00007ffbdf646c84, pid=36404, tid=37900
#
# JRE version: Java(TM) SE Runtime Environment (19.0.1+10) (build 19.0.1+10-21)
# Java VM: Java HotSpot(TM) 64-Bit Server VM (19.0.1+10-21, mixed mode, sharing, tiered, compressed oops, compressed class ptrs, g1 gc, windows-amd64)
# Problematic frame:
# C  [jdwp.dll+0x26c84]
#
# No core dump will be written. Minidumps are not enabled by default on client versions of Windows
#
# If you would like to submit a bug report, please visit:
#   https://bugreport.java.com/bugreport/crash.jsp
# The crash happened outside the Java Virtual Machine in native code.
# See problematic frame for where to report the bug.
#

---------------  S U M M A R Y ------------

Command Line: -agentlib:jdwp=transport=dt_socket,address=127.0.0.1:51401,suspend=y,server=n -javaagent:C:\Users\zmoba\AppData\Local\JetBrains\IntelliJIdea2023.3\captureAgent\debugger-agent.jar -Dfile.encoding=UTF-8 -Dsun.stdout.encoding=UTF-8 -Dsun.stderr.encoding=UTF-8 ShadowMario

Host: AMD Ryzen 5 4500U with Radeon Graphics         , 6 cores, 7G,  Windows 11 , 64 bit Build 22621 (10.0.22621.3374)
Time: Wed May 15 11:12:54 2024 AUS Eastern Standard Time elapsed time: 1.181699 seconds (0d 0h 0m 1s)

---------------  T H R E A D  ---------------

Current thread (0x000001845e398ac0):  JavaThread "main" [_thread_in_native, id=37900, stack(0x0000003a1ba00000,0x0000003a1bb00000)]

Stack: [0x0000003a1ba00000,0x0000003a1bb00000],  sp=0x0000003a1bafe448,  free space=1017k
Native frames: (J=compiled Java code, j=interpreted, Vv=VM code, C=native code)
C  [jdwp.dll+0x26c84]

Java frames: (J=compiled Java code, j=interpreted, Vv=VM code)
j  org.lwjgl.glfw.GLFW.glfwInit()Z+0
j  bagel.AbstractGame.<clinit>()V+19
v  ~StubRoutines::call_stub 0x000001846f03100e

siginfo: EXCEPTION_ACCESS_VIOLATION (0xc0000005), reading address 0xffffffffffffffff


Registers:
RAX=0x000001847e7d43e0, RBX=0x000001845e17a0d0, RCX=0x000001845e398da0, RDX=0x000001845e17a0d0
RSP=0x0000003a1bafe448, RBP=0x0000000000000002, RSI=0x0000003a1bafe4f0, RDI=0x000001845e398da0
R8 =0x0000000000010002, R9 =0x0000000000000000, R10=0x00007ffbd0cc0000, R11=0x0000003a1bafe418
R12=0x0000000000000007, R13=0x000001845e23edf0, R14=0x00007ffbdf650300, R15=0x0000000000000000
RIP=0x00007ffbdf646c84, EFLAGS=0x0000000000010202


Register to memory mapping:

RIP=0x00007ffbdf646c84 jdwp.dll
RAX=0x000001847e7d43e0 points into unknown readable memory: 0x0000000000000000 | 00 00 00 00 00 00 00 00
RBX=0x000001845e17a0d0 points into unknown readable memory: 0x0000000090d0a4b0 | b0 a4 d0 90 00 00 00 00
RCX=0x000001845e398da0 points into unknown readable memory: 0x000001847e7d43e0 | e0 43 7d 7e 84 01 00 00
RDX=0x000001845e17a0d0 points into unknown readable memory: 0x0000000090d0a4b0 | b0 a4 d0 90 00 00 00 00
RSP=0x0000003a1bafe448 is pointing into the stack for thread: 0x000001845e398ac0
RBP=0x0000000000000002 is an unknown value
RSI=0x0000003a1bafe4f0 is pointing into the stack for thread: 0x000001845e398ac0
RDI=0x000001845e398da0 points into unknown readable memory: 0x000001847e7d43e0 | e0 43 7d 7e 84 01 00 00
R8 =0x0000000000010002 is an unknown value
R9 =0x0 is NULL
R10=0x00007ffbd0cc0000 VCRUNTIME140.dll
R11=0x0000003a1bafe418 is pointing into the stack for thread: 0x000001845e398ac0
R12=0x0000000000000007 is an unknown value
R13=0x000001845e23edf0 points into unknown readable memory: 0x00007ffb41278ff0 | f0 8f 27 41 fb 7f 00 00
R14=0x00007ffbdf650300 jdwp.dll
R15=0x0 is NULL


Top of Stack: (sp=0x0000003a1bafe448)
0x0000003a1bafe448:   00007ffbdf635bd1 000001845e17a0d0
0x0000003a1bafe458:   0000003a1bafe4f0 0000000000000000
0x0000003a1bafe468:   0000000000000000 00007ffb4125ecd0
0x0000003a1bafe478:   000000000000940c 000001845e17a0d0
0x0000003a1bafe488:   00007ffbdf650328 0000000000000000
0x0000003a1bafe498:   00007ffbdf63272f 000001845e17a0d0
0x0000003a1bafe4a8:   0000000000000002 000001845e398da0
0x0000003a1bafe4b8:   000001845e17a0d8 000000057e450100
0x0000003a1bafe4c8:   00007ffb409a685f 0000000000000000
0x0000003a1bafe4d8:   00007ffb40af2b2f 0000003a1bafe540
0x0000003a1bafe4e8:   00007ffb409aa286 0000000000000007
0x0000003a1bafe4f8:   000001845e17a0d0 0000000000000000
0x0000003a1bafe508:   000001845e17a0d8 0000000000000000
0x0000003a1bafe518:   0000000000000000 0000000000000000
0x0000003a1bafe528:   0000000000000000 0000000000000000
0x0000003a1bafe538:   0000000000000000 0000000000000000 

Instructions: (pc=0x00007ffbdf646c84)
0x00007ffbdf646b84:   05 d7 05 01 00 48 8b 03 48 8b d7 4d 8b 40 30 48
0x00007ffbdf646b94:   8b cb 48 8b 5c 24 30 48 83 c4 20 5f 48 ff a0 00
0x00007ffbdf646ba4:   01 00 00 cc 48 89 5c 24 08 57 48 83 ec 20 48 8b
0x00007ffbdf646bb4:   f9 e8 f2 ea ff ff 4c 8b 05 9f 05 01 00 48 8b d8
0x00007ffbdf646bc4:   41 f6 80 18 02 00 00 02 74 33 41 b8 21 06 00 00
0x00007ffbdf646bd4:   48 8d 15 8d bf 00 00 48 8d 0d 22 58 00 00 e8 89
0x00007ffbdf646be4:   41 ff ff 48 8d 15 ea 95 00 00 48 8d 0d 23 58 00
0x00007ffbdf646bf4:   00 e8 1e 42 ff ff 4c 8b 05 5f 05 01 00 48 8b 03
0x00007ffbdf646c04:   48 8b d7 4d 8b 40 38 48 8b cb 48 8b 5c 24 30 48
0x00007ffbdf646c14:   83 c4 20 5f 48 ff a0 00 01 00 00 cc 48 89 5c 24
0x00007ffbdf646c24:   08 57 48 83 ec 20 48 8b f9 e8 7a ea ff ff 48 8b
0x00007ffbdf646c34:   15 27 05 01 00 48 8b d8 f6 82 18 02 00 00 02 74
0x00007ffbdf646c44:   2c 41 b8 13 06 00 00 48 8d 15 16 bf 00 00 48 8d
0x00007ffbdf646c54:   0d ab 57 00 00 e8 12 41 ff ff 48 8d 15 8b 68 00
0x00007ffbdf646c64:   00 48 8d 0d ac 57 00 00 e8 a7 41 ff ff 48 8b 03
0x00007ffbdf646c74:   48 8b d7 48 8b cb 48 8b 5c 24 30 48 83 c4 20 5f
0x00007ffbdf646c84:   48 ff a0 50 07 00 00 cc 48 89 5c 24 08 48 89 74
0x00007ffbdf646c94:   24 10 48 89 7c 24 18 41 56 48 83 ec 20 4c 63 f2
0x00007ffbdf646ca4:   49 8b d8 48 8b d1 41 8b f9 48 8b cb 4d 8d 46 ff
0x00007ffbdf646cb4:   ff 15 b6 55 00 00 85 c0 75 3c 41 0f be 44 1e ff
0x00007ffbdf646cc4:   3b c7 75 32 49 03 de eb 10 0f be c8 ff 15 8a 55
0x00007ffbdf646cd4:   00 00 85 c0 74 09 48 ff c3 8a 03 84 c0 75 ea 80
0x00007ffbdf646ce4:   3b 3b 74 12 8b d7 48 8b cb e8 a0 4a 00 00 48 85
0x00007ffbdf646cf4:   c0 0f 94 c0 eb 02 32 c0 48 8b 5c 24 30 48 8b 74
0x00007ffbdf646d04:   24 38 48 8b 7c 24 40 48 83 c4 20 41 5e c3 cc cc
0x00007ffbdf646d14:   0f b6 d1 83 fa 1e 0f 87 83 00 00 00 74 7b 83 fa
0x00007ffbdf646d24:   07 77 41 74 39 83 ea 01 74 2e 83 ea 01 74 23 83
0x00007ffbdf646d34:   ea 01 74 18 83 ea 01 74 0d 83 fa 02 0f 85 8a 00
0x00007ffbdf646d44:   00 00 8d 42 03 c3 b8 04 00 00 00 c3 b8 03 00 00
0x00007ffbdf646d54:   00 c3 b8 02 00 00 00 c3 b8 01 00 00 00 c3 b8 06
0x00007ffbdf646d64:   00 00 00 c3 b8 08 00 00 00 2b d0 74 26 83 ea 01
0x00007ffbdf646d74:   0f 84 88 00 00 00 83 ea 01 74 12 b8 0a 00 00 00 


Stack slot to memory mapping:
stack at sp + 0 slots: 0x00007ffbdf635bd1 jdwp.dll
stack at sp + 1 slots: 0x000001845e17a0d0 points into unknown readable memory: 0x0000000090d0a4b0 | b0 a4 d0 90 00 00 00 00
stack at sp + 2 slots: 0x0000003a1bafe4f0 is pointing into the stack for thread: 0x000001845e398ac0
stack at sp + 3 slots: 0x0 is NULL
stack at sp + 4 slots: 0x0 is NULL
stack at sp + 5 slots: 0x00007ffb4125ecd0 jvm.dll
stack at sp + 6 slots: 0x000000000000940c is an unknown value
stack at sp + 7 slots: 0x000001845e17a0d0 points into unknown readable memory: 0x0000000090d0a4b0 | b0 a4 d0 90 00 00 00 00


---------------  P R O C E S S  ---------------

Threads class SMR info:
_java_thread_list=0x000001847e57e220, length=15, elements={
0x000001845e398ac0, 0x000001847e276270, 0x000001847e277000, 0x000001847e279da0,
0x000001847e27b6e0, 0x000001847e27e480, 0x000001847e27edb0, 0x000001847e27fa10,
0x000001847e28b780, 0x000001847e2cd320, 0x000001847e4a84a0, 0x000001847e5319a0,
0x000001847e686f80, 0x000001847e6874d0, 0x000001847e567c00
}

Java Threads: ( => current thread )
=>0x000001845e398ac0 JavaThread "main" [_thread_in_native, id=37900, stack(0x0000003a1ba00000,0x0000003a1bb00000)]
  0x000001847e276270 JavaThread "Reference Handler" daemon [_thread_blocked, id=21276, stack(0x0000003a1c200000,0x0000003a1c300000)]
  0x000001847e277000 JavaThread "Finalizer" daemon [_thread_blocked, id=41144, stack(0x0000003a1c300000,0x0000003a1c400000)]
  0x000001847e279da0 JavaThread "Signal Dispatcher" daemon [_thread_blocked, id=46092, stack(0x0000003a1c400000,0x0000003a1c500000)]
  0x000001847e27b6e0 JavaThread "Attach Listener" daemon [_thread_blocked, id=10708, stack(0x0000003a1c500000,0x0000003a1c600000)]
  0x000001847e27e480 JavaThread "Service Thread" daemon [_thread_blocked, id=43596, stack(0x0000003a1c600000,0x0000003a1c700000)]
  0x000001847e27edb0 JavaThread "Monitor Deflation Thread" daemon [_thread_blocked, id=32360, stack(0x0000003a1c700000,0x0000003a1c800000)]
  0x000001847e27fa10 JavaThread "C2 CompilerThread0" daemon [_thread_blocked, id=24024, stack(0x0000003a1c800000,0x0000003a1c900000)]
  0x000001847e28b780 JavaThread "C1 CompilerThread0" daemon [_thread_blocked, id=47436, stack(0x0000003a1c900000,0x0000003a1ca00000)]
  0x000001847e2cd320 JavaThread "Sweeper thread" daemon [_thread_blocked, id=41664, stack(0x0000003a1ca00000,0x0000003a1cb00000)]
  0x000001847e4a84a0 JavaThread "Common-Cleaner" daemon [_thread_blocked, id=46940, stack(0x0000003a1cb00000,0x0000003a1cc00000)]
  0x000001847e5319a0 JavaThread "JDWP Transport Listener: dt_socket" daemon [_thread_blocked, id=42264, stack(0x0000003a1cc00000,0x0000003a1cd00000)]
  0x000001847e686f80 JavaThread "JDWP Event Helper Thread" daemon [_thread_blocked, id=45460, stack(0x0000003a1cd00000,0x0000003a1ce00000)]
  0x000001847e6874d0 JavaThread "JDWP Command Reader" daemon [_thread_in_native, id=24036, stack(0x0000003a1ce00000,0x0000003a1cf00000)]
  0x000001847e567c00 JavaThread "Notification Thread" daemon [_thread_blocked, id=43816, stack(0x0000003a1cf00000,0x0000003a1d000000)]

Other Threads:
  0x000001847e258650 VMThread "VM Thread" [stack: 0x0000003a1c100000,0x0000003a1c200000] [id=32320]
  0x000001847e573080 WatcherThread "VM Periodic Task Thread" [stack: 0x0000003a1d000000,0x0000003a1d100000] [id=47132]
  0x000001845e3f56e0 WorkerThread "GC Thread#0" [stack: 0x0000003a1bc00000,0x0000003a1bd00000] [id=40880]
  0x000001845e4055f0 ConcurrentGCThread "G1 Main Marker" [stack: 0x0000003a1bd00000,0x0000003a1be00000] [id=33312]
  0x000001845e4067c0 WorkerThread "G1 Conc#0" [stack: 0x0000003a1be00000,0x0000003a1bf00000] [id=46076]
  0x000001847e117500 ConcurrentGCThread "G1 Refine#0" [stack: 0x0000003a1bf00000,0x0000003a1c000000] [id=11248]
  0x000001847e119360 ConcurrentGCThread "G1 Service" [stack: 0x0000003a1c000000,0x0000003a1c100000] [id=10188]

Threads with active compile tasks:

VM state: not at safepoint (normal execution)

VM Mutex/Monitor currently owned by a thread: None

Heap address: 0x0000000089600000, size: 1898 MB, Compressed Oops mode: 32-bit

CDS archive(s) mapped at: [0x0000000800000000-0x0000000800c40000-0x0000000800c40000), size 12845056, SharedBaseAddress: 0x0000000800000000, ArchiveRelocationMode: 0.
Compressed class space mapped at: 0x0000000801000000-0x0000000841000000, reserved size: 1073741824
Narrow klass base: 0x0000000800000000, Narrow klass shift: 0, Narrow klass range: 0x100000000

GC Precious Log:
 CardTable entry size: 512
 Card Set container configuration: InlinePtr #cards 5 size 8 Array Of Cards #cards 12 size 40 Howl #buckets 4 coarsen threshold 1843 Howl Bitmap #cards 512 size 80 coarsen threshold 460 Card regions per heap region 1 cards per card region 2048
 CPUs: 6 total, 6 available
 Memory: 7590M
 Large Page Support: Disabled
 NUMA Support: Disabled
 Compressed Oops: Enabled (32-bit)
 Heap Region Size: 1M
 Heap Min Capacity: 8M
 Heap Initial Capacity: 120M
 Heap Max Capacity: 1898M
 Pre-touch: Disabled
 Parallel Workers: 6
 Concurrent Workers: 2
 Concurrent Refinement Workers: 6
 Periodic GC: Disabled

Heap:
 garbage-first heap   total 122880K, used 7168K [0x0000000089600000, 0x0000000100000000)
  region size 1024K, 8 young (8192K), 0 survivors (0K)
 Metaspace       used 1936K, committed 2176K, reserved 1114112K
  class space    used 146K, committed 256K, reserved 1048576K

Heap Regions: E=young(eden), S=young(survivor), O=old, HS=humongous(starts), HC=humongous(continues), CS=collection set, F=free, OA=open archive, CA=closed archive, TAMS=top-at-mark-start (previous, next)
|   0|0x0000000089600000, 0x0000000089600000, 0x0000000089700000|  0%| F|  |TAMS 0x0000000089600000, 0x0000000089600000| Untracked 
|   1|0x0000000089700000, 0x0000000089700000, 0x0000000089800000|  0%| F|  |TAMS 0x0000000089700000, 0x0000000089700000| Untracked 
|   2|0x0000000089800000, 0x0000000089800000, 0x0000000089900000|  0%| F|  |TAMS 0x0000000089800000, 0x0000000089800000| Untracked 
|   3|0x0000000089900000, 0x0000000089900000, 0x0000000089a00000|  0%| F|  |TAMS 0x0000000089900000, 0x0000000089900000| Untracked 
|   4|0x0000000089a00000, 0x0000000089a00000, 0x0000000089b00000|  0%| F|  |TAMS 0x0000000089a00000, 0x0000000089a00000| Untracked 
|   5|0x0000000089b00000, 0x0000000089b00000, 0x0000000089c00000|  0%| F|  |TAMS 0x0000000089b00000, 0x0000000089b00000| Untracked 
|   6|0x0000000089c00000, 0x0000000089c00000, 0x0000000089d00000|  0%| F|  |TAMS 0x0000000089c00000, 0x0000000089c00000| Untracked 
|   7|0x0000000089d00000, 0x0000000089d00000, 0x0000000089e00000|  0%| F|  |TAMS 0x0000000089d00000, 0x0000000089d00000| Untracked 
|   8|0x0000000089e00000, 0x0000000089e00000, 0x0000000089f00000|  0%| F|  |TAMS 0x0000000089e00000, 0x0000000089e00000| Untracked 
|   9|0x0000000089f00000, 0x0000000089f00000, 0x000000008a000000|  0%| F|  |TAMS 0x0000000089f00000, 0x0000000089f00000| Untracked 
|  10|0x000000008a000000, 0x000000008a000000, 0x000000008a100000|  0%| F|  |TAMS 0x000000008a000000, 0x000000008a000000| Untracked 
|  11|0x000000008a100000, 0x000000008a100000, 0x000000008a200000|  0%| F|  |TAMS 0x000000008a100000, 0x000000008a100000| Untracked 
|  12|0x000000008a200000, 0x000000008a200000, 0x000000008a300000|  0%| F|  |TAMS 0x000000008a200000, 0x000000008a200000| Untracked 
|  13|0x000000008a300000, 0x000000008a300000, 0x000000008a400000|  0%| F|  |TAMS 0x000000008a300000, 0x000000008a300000| Untracked 
|  14|0x000000008a400000, 0x000000008a400000, 0x000000008a500000|  0%| F|  |TAMS 0x000000008a400000, 0x000000008a400000| Untracked 
|  15|0x000000008a500000, 0x000000008a500000, 0x000000008a600000|  0%| F|  |TAMS 0x000000008a500000, 0x000000008a500000| Untracked 
|  16|0x000000008a600000, 0x000000008a600000, 0x000000008a700000|  0%| F|  |TAMS 0x000000008a600000, 0x000000008a600000| Untracked 
|  17|0x000000008a700000, 0x000000008a700000, 0x000000008a800000|  0%| F|  |TAMS 0x000000008a700000, 0x000000008a700000| Untracked 
|  18|0x000000008a800000, 0x000000008a800000, 0x000000008a900000|  0%| F|  |TAMS 0x000000008a800000, 0x000000008a800000| Untracked 
|  19|0x000000008a900000, 0x000000008a900000, 0x000000008aa00000|  0%| F|  |TAMS 0x000000008a900000, 0x000000008a900000| Untracked 
|  20|0x000000008aa00000, 0x000000008aa00000, 0x000000008ab00000|  0%| F|  |TAMS 0x000000008aa00000, 0x000000008aa00000| Untracked 
|  21|0x000000008ab00000, 0x000000008ab00000, 0x000000008ac00000|  0%| F|  |TAMS 0x000000008ab00000, 0x000000008ab00000| Untracked 
|  22|0x000000008ac00000, 0x000000008ac00000, 0x000000008ad00000|  0%| F|  |TAMS 0x000000008ac00000, 0x000000008ac00000| Untracked 
|  23|0x000000008ad00000, 0x000000008ad00000, 0x000000008ae00000|  0%| F|  |TAMS 0x000000008ad00000, 0x000000008ad00000| Untracked 
|  24|0x000000008ae00000, 0x000000008ae00000, 0x000000008af00000|  0%| F|  |TAMS 0x000000008ae00000, 0x000000008ae00000| Untracked 
|  25|0x000000008af00000, 0x000000008af00000, 0x000000008b000000|  0%| F|  |TAMS 0x000000008af00000, 0x000000008af00000| Untracked 
|  26|0x000000008b000000, 0x000000008b000000, 0x000000008b100000|  0%| F|  |TAMS 0x000000008b000000, 0x000000008b000000| Untracked 
|  27|0x000000008b100000, 0x000000008b100000, 0x000000008b200000|  0%| F|  |TAMS 0x000000008b100000, 0x000000008b100000| Untracked 
|  28|0x000000008b200000, 0x000000008b200000, 0x000000008b300000|  0%| F|  |TAMS 0x000000008b200000, 0x000000008b200000| Untracked 
|  29|0x000000008b300000, 0x000000008b300000, 0x000000008b400000|  0%| F|  |TAMS 0x000000008b300000, 0x000000008b300000| Untracked 
|  30|0x000000008b400000, 0x000000008b400000, 0x000000008b500000|  0%| F|  |TAMS 0x000000008b400000, 0x000000008b400000| Untracked 
|  31|0x000000008b500000, 0x000000008b500000, 0x000000008b600000|  0%| F|  |TAMS 0x000000008b500000, 0x000000008b500000| Untracked 
|  32|0x000000008b600000, 0x000000008b600000, 0x000000008b700000|  0%| F|  |TAMS 0x000000008b600000, 0x000000008b600000| Untracked 
|  33|0x000000008b700000, 0x000000008b700000, 0x000000008b800000|  0%| F|  |TAMS 0x000000008b700000, 0x000000008b700000| Untracked 
|  34|0x000000008b800000, 0x000000008b800000, 0x000000008b900000|  0%| F|  |TAMS 0x000000008b800000, 0x000000008b800000| Untracked 
|  35|0x000000008b900000, 0x000000008b900000, 0x000000008ba00000|  0%| F|  |TAMS 0x000000008b900000, 0x000000008b900000| Untracked 
|  36|0x000000008ba00000, 0x000000008ba00000, 0x000000008bb00000|  0%| F|  |TAMS 0x000000008ba00000, 0x000000008ba00000| Untracked 
|  37|0x000000008bb00000, 0x000000008bb00000, 0x000000008bc00000|  0%| F|  |TAMS 0x000000008bb00000, 0x000000008bb00000| Untracked 
|  38|0x000000008bc00000, 0x000000008bc00000, 0x000000008bd00000|  0%| F|  |TAMS 0x000000008bc00000, 0x000000008bc00000| Untracked 
|  39|0x000000008bd00000, 0x000000008bd00000, 0x000000008be00000|  0%| F|  |TAMS 0x000000008bd00000, 0x000000008bd00000| Untracked 
|  40|0x000000008be00000, 0x000000008be00000, 0x000000008bf00000|  0%| F|  |TAMS 0x000000008be00000, 0x000000008be00000| Untracked 
|  41|0x000000008bf00000, 0x000000008bf00000, 0x000000008c000000|  0%| F|  |TAMS 0x000000008bf00000, 0x000000008bf00000| Untracked 
|  42|0x000000008c000000, 0x000000008c000000, 0x000000008c100000|  0%| F|  |TAMS 0x000000008c000000, 0x000000008c000000| Untracked 
|  43|0x000000008c100000, 0x000000008c100000, 0x000000008c200000|  0%| F|  |TAMS 0x000000008c100000, 0x000000008c100000| Untracked 
|  44|0x000000008c200000, 0x000000008c200000, 0x000000008c300000|  0%| F|  |TAMS 0x000000008c200000, 0x000000008c200000| Untracked 
|  45|0x000000008c300000, 0x000000008c300000, 0x000000008c400000|  0%| F|  |TAMS 0x000000008c300000, 0x000000008c300000| Untracked 
|  46|0x000000008c400000, 0x000000008c400000, 0x000000008c500000|  0%| F|  |TAMS 0x000000008c400000, 0x000000008c400000| Untracked 
|  47|0x000000008c500000, 0x000000008c500000, 0x000000008c600000|  0%| F|  |TAMS 0x000000008c500000, 0x000000008c500000| Untracked 
|  48|0x000000008c600000, 0x000000008c600000, 0x000000008c700000|  0%| F|  |TAMS 0x000000008c600000, 0x000000008c600000| Untracked 
|  49|0x000000008c700000, 0x000000008c700000, 0x000000008c800000|  0%| F|  |TAMS 0x000000008c700000, 0x000000008c700000| Untracked 
|  50|0x000000008c800000, 0x000000008c800000, 0x000000008c900000|  0%| F|  |TAMS 0x000000008c800000, 0x000000008c800000| Untracked 
|  51|0x000000008c900000, 0x000000008c900000, 0x000000008ca00000|  0%| F|  |TAMS 0x000000008c900000, 0x000000008c900000| Untracked 
|  52|0x000000008ca00000, 0x000000008ca00000, 0x000000008cb00000|  0%| F|  |TAMS 0x000000008ca00000, 0x000000008ca00000| Untracked 
|  53|0x000000008cb00000, 0x000000008cb00000, 0x000000008cc00000|  0%| F|  |TAMS 0x000000008cb00000, 0x000000008cb00000| Untracked 
|  54|0x000000008cc00000, 0x000000008cc00000, 0x000000008cd00000|  0%| F|  |TAMS 0x000000008cc00000, 0x000000008cc00000| Untracked 
|  55|0x000000008cd00000, 0x000000008cd00000, 0x000000008ce00000|  0%| F|  |TAMS 0x000000008cd00000, 0x000000008cd00000| Untracked 
|  56|0x000000008ce00000, 0x000000008ce00000, 0x000000008cf00000|  0%| F|  |TAMS 0x000000008ce00000, 0x000000008ce00000| Untracked 
|  57|0x000000008cf00000, 0x000000008cf00000, 0x000000008d000000|  0%| F|  |TAMS 0x000000008cf00000, 0x000000008cf00000| Untracked 
|  58|0x000000008d000000, 0x000000008d000000, 0x000000008d100000|  0%| F|  |TAMS 0x000000008d000000, 0x000000008d000000| Untracked 
|  59|0x000000008d100000, 0x000000008d100000, 0x000000008d200000|  0%| F|  |TAMS 0x000000008d100000, 0x000000008d100000| Untracked 
|  60|0x000000008d200000, 0x000000008d200000, 0x000000008d300000|  0%| F|  |TAMS 0x000000008d200000, 0x000000008d200000| Untracked 
|  61|0x000000008d300000, 0x000000008d300000, 0x000000008d400000|  0%| F|  |TAMS 0x000000008d300000, 0x000000008d300000| Untracked 
|  62|0x000000008d400000, 0x000000008d400000, 0x000000008d500000|  0%| F|  |TAMS 0x000000008d400000, 0x000000008d400000| Untracked 
|  63|0x000000008d500000, 0x000000008d500000, 0x000000008d600000|  0%| F|  |TAMS 0x000000008d500000, 0x000000008d500000| Untracked 
|  64|0x000000008d600000, 0x000000008d600000, 0x000000008d700000|  0%| F|  |TAMS 0x000000008d600000, 0x000000008d600000| Untracked 
|  65|0x000000008d700000, 0x000000008d700000, 0x000000008d800000|  0%| F|  |TAMS 0x000000008d700000, 0x000000008d700000| Untracked 
|  66|0x000000008d800000, 0x000000008d800000, 0x000000008d900000|  0%| F|  |TAMS 0x000000008d800000, 0x000000008d800000| Untracked 
|  67|0x000000008d900000, 0x000000008d900000, 0x000000008da00000|  0%| F|  |TAMS 0x000000008d900000, 0x000000008d900000| Untracked 
|  68|0x000000008da00000, 0x000000008da00000, 0x000000008db00000|  0%| F|  |TAMS 0x000000008da00000, 0x000000008da00000| Untracked 
|  69|0x000000008db00000, 0x000000008db00000, 0x000000008dc00000|  0%| F|  |TAMS 0x000000008db00000, 0x000000008db00000| Untracked 
|  70|0x000000008dc00000, 0x000000008dc00000, 0x000000008dd00000|  0%| F|  |TAMS 0x000000008dc00000, 0x000000008dc00000| Untracked 
|  71|0x000000008dd00000, 0x000000008dd00000, 0x000000008de00000|  0%| F|  |TAMS 0x000000008dd00000, 0x000000008dd00000| Untracked 
|  72|0x000000008de00000, 0x000000008de00000, 0x000000008df00000|  0%| F|  |TAMS 0x000000008de00000, 0x000000008de00000| Untracked 
|  73|0x000000008df00000, 0x000000008df00000, 0x000000008e000000|  0%| F|  |TAMS 0x000000008df00000, 0x000000008df00000| Untracked 
|  74|0x000000008e000000, 0x000000008e000000, 0x000000008e100000|  0%| F|  |TAMS 0x000000008e000000, 0x000000008e000000| Untracked 
|  75|0x000000008e100000, 0x000000008e100000, 0x000000008e200000|  0%| F|  |TAMS 0x000000008e100000, 0x000000008e100000| Untracked 
|  76|0x000000008e200000, 0x000000008e200000, 0x000000008e300000|  0%| F|  |TAMS 0x000000008e200000, 0x000000008e200000| Untracked 
|  77|0x000000008e300000, 0x000000008e300000, 0x000000008e400000|  0%| F|  |TAMS 0x000000008e300000, 0x000000008e300000| Untracked 
|  78|0x000000008e400000, 0x000000008e400000, 0x000000008e500000|  0%| F|  |TAMS 0x000000008e400000, 0x000000008e400000| Untracked 
|  79|0x000000008e500000, 0x000000008e500000, 0x000000008e600000|  0%| F|  |TAMS 0x000000008e500000, 0x000000008e500000| Untracked 
|  80|0x000000008e600000, 0x000000008e600000, 0x000000008e700000|  0%| F|  |TAMS 0x000000008e600000, 0x000000008e600000| Untracked 
|  81|0x000000008e700000, 0x000000008e700000, 0x000000008e800000|  0%| F|  |TAMS 0x000000008e700000, 0x000000008e700000| Untracked 
|  82|0x000000008e800000, 0x000000008e800000, 0x000000008e900000|  0%| F|  |TAMS 0x000000008e800000, 0x000000008e800000| Untracked 
|  83|0x000000008e900000, 0x000000008e900000, 0x000000008ea00000|  0%| F|  |TAMS 0x000000008e900000, 0x000000008e900000| Untracked 
|  84|0x000000008ea00000, 0x000000008ea00000, 0x000000008eb00000|  0%| F|  |TAMS 0x000000008ea00000, 0x000000008ea00000| Untracked 
|  85|0x000000008eb00000, 0x000000008eb00000, 0x000000008ec00000|  0%| F|  |TAMS 0x000000008eb00000, 0x000000008eb00000| Untracked 
|  86|0x000000008ec00000, 0x000000008ec00000, 0x000000008ed00000|  0%| F|  |TAMS 0x000000008ec00000, 0x000000008ec00000| Untracked 
|  87|0x000000008ed00000, 0x000000008ed00000, 0x000000008ee00000|  0%| F|  |TAMS 0x000000008ed00000, 0x000000008ed00000| Untracked 
|  88|0x000000008ee00000, 0x000000008ee00000, 0x000000008ef00000|  0%| F|  |TAMS 0x000000008ee00000, 0x000000008ee00000| Untracked 
|  89|0x000000008ef00000, 0x000000008ef00000, 0x000000008f000000|  0%| F|  |TAMS 0x000000008ef00000, 0x000000008ef00000| Untracked 
|  90|0x000000008f000000, 0x000000008f000000, 0x000000008f100000|  0%| F|  |TAMS 0x000000008f000000, 0x000000008f000000| Untracked 
|  91|0x000000008f100000, 0x000000008f100000, 0x000000008f200000|  0%| F|  |TAMS 0x000000008f100000, 0x000000008f100000| Untracked 
|  92|0x000000008f200000, 0x000000008f200000, 0x000000008f300000|  0%| F|  |TAMS 0x000000008f200000, 0x000000008f200000| Untracked 
|  93|0x000000008f300000, 0x000000008f300000, 0x000000008f400000|  0%| F|  |TAMS 0x000000008f300000, 0x000000008f300000| Untracked 
|  94|0x000000008f400000, 0x000000008f400000, 0x000000008f500000|  0%| F|  |TAMS 0x000000008f400000, 0x000000008f400000| Untracked 
|  95|0x000000008f500000, 0x000000008f500000, 0x000000008f600000|  0%| F|  |TAMS 0x000000008f500000, 0x000000008f500000| Untracked 
|  96|0x000000008f600000, 0x000000008f600000, 0x000000008f700000|  0%| F|  |TAMS 0x000000008f600000, 0x000000008f600000| Untracked 
|  97|0x000000008f700000, 0x000000008f700000, 0x000000008f800000|  0%| F|  |TAMS 0x000000008f700000, 0x000000008f700000| Untracked 
|  98|0x000000008f800000, 0x000000008f800000, 0x000000008f900000|  0%| F|  |TAMS 0x000000008f800000, 0x000000008f800000| Untracked 
|  99|0x000000008f900000, 0x000000008f900000, 0x000000008fa00000|  0%| F|  |TAMS 0x000000008f900000, 0x000000008f900000| Untracked 
| 100|0x000000008fa00000, 0x000000008fa00000, 0x000000008fb00000|  0%| F|  |TAMS 0x000000008fa00000, 0x000000008fa00000| Untracked 
| 101|0x000000008fb00000, 0x000000008fb00000, 0x000000008fc00000|  0%| F|  |TAMS 0x000000008fb00000, 0x000000008fb00000| Untracked 
| 102|0x000000008fc00000, 0x000000008fc00000, 0x000000008fd00000|  0%| F|  |TAMS 0x000000008fc00000, 0x000000008fc00000| Untracked 
| 103|0x000000008fd00000, 0x000000008fd00000, 0x000000008fe00000|  0%| F|  |TAMS 0x000000008fd00000, 0x000000008fd00000| Untracked 
| 104|0x000000008fe00000, 0x000000008fe00000, 0x000000008ff00000|  0%| F|  |TAMS 0x000000008fe00000, 0x000000008fe00000| Untracked 
| 105|0x000000008ff00000, 0x000000008ff00000, 0x0000000090000000|  0%| F|  |TAMS 0x000000008ff00000, 0x000000008ff00000| Untracked 
| 106|0x0000000090000000, 0x0000000090000000, 0x0000000090100000|  0%| F|  |TAMS 0x0000000090000000, 0x0000000090000000| Untracked 
| 107|0x0000000090100000, 0x0000000090100000, 0x0000000090200000|  0%| F|  |TAMS 0x0000000090100000, 0x0000000090100000| Untracked 
| 108|0x0000000090200000, 0x0000000090200000, 0x0000000090300000|  0%| F|  |TAMS 0x0000000090200000, 0x0000000090200000| Untracked 
| 109|0x0000000090300000, 0x0000000090300000, 0x0000000090400000|  0%| F|  |TAMS 0x0000000090300000, 0x0000000090300000| Untracked 
| 110|0x0000000090400000, 0x0000000090400000, 0x0000000090500000|  0%| F|  |TAMS 0x0000000090400000, 0x0000000090400000| Untracked 
| 111|0x0000000090500000, 0x0000000090500000, 0x0000000090600000|  0%| F|  |TAMS 0x0000000090500000, 0x0000000090500000| Untracked 
| 112|0x0000000090600000, 0x000000009066c088, 0x0000000090700000| 42%| E|  |TAMS 0x0000000090600000, 0x0000000090600000| Complete 
| 113|0x0000000090700000, 0x0000000090800000, 0x0000000090800000|100%| E|CS|TAMS 0x0000000090700000, 0x0000000090700000| Complete 
| 114|0x0000000090800000, 0x0000000090900000, 0x0000000090900000|100%| E|CS|TAMS 0x0000000090800000, 0x0000000090800000| Complete 
| 115|0x0000000090900000, 0x0000000090a00000, 0x0000000090a00000|100%| E|CS|TAMS 0x0000000090900000, 0x0000000090900000| Complete 
| 116|0x0000000090a00000, 0x0000000090b00000, 0x0000000090b00000|100%| E|CS|TAMS 0x0000000090a00000, 0x0000000090a00000| Complete 
| 117|0x0000000090b00000, 0x0000000090c00000, 0x0000000090c00000|100%| E|CS|TAMS 0x0000000090b00000, 0x0000000090b00000| Complete 
| 118|0x0000000090c00000, 0x0000000090d00000, 0x0000000090d00000|100%| E|CS|TAMS 0x0000000090c00000, 0x0000000090c00000| Complete 
| 119|0x0000000090d00000, 0x0000000090e00000, 0x0000000090e00000|100%| E|CS|TAMS 0x0000000090d00000, 0x0000000090d00000| Complete 

Card table byte_map: [0x0000018477700000,0x0000018477ac0000] _byte_map_base: 0x00000184772b5000

Marking Bits (Prev, Next): (CMBitMap*) 0x000001845e3f5d10, (CMBitMap*) 0x000001845e3f5d50
 Prev Bits: [0x0000018477e80000, 0x0000018479c28000)
 Next Bits: [0x0000018479c30000, 0x000001847b9d8000)

Polling page: 0x000001845e450000

Metaspace:

Usage:
  Non-class:      1.75 MB used.
      Class:    146.56 KB used.
       Both:      1.89 MB used.

Virtual space:
  Non-class space:       64.00 MB reserved,       1.88 MB (  3%) committed,  1 nodes.
      Class space:        1.00 GB reserved,     256.00 KB ( <1%) committed,  1 nodes.
             Both:        1.06 GB reserved,       2.12 MB ( <1%) committed. 

Chunk freelists:
   Non-Class:  3.42 MB
       Class:  3.67 MB
        Both:  7.09 MB

MaxMetaspaceSize: unlimited
CompressedClassSpaceSize: 1.00 GB
Initial GC threshold: 21.00 MB
Current GC threshold: 21.00 MB
CDS: on
MetaspaceReclaimPolicy: balanced
 - commit_granule_bytes: 65536.
 - commit_granule_words: 8192.
 - virtual_space_node_default_size: 8388608.
 - enlarge_chunks_in_place: 1.
 - new_chunks_are_fully_committed: 0.
 - uncommit_free_chunks: 1.
 - use_allocation_guard: 0.


Internal statistics:

num_allocs_failed_limit: 0.
num_arena_births: 76.
num_arena_deaths: 0.
num_vsnodes_births: 2.
num_vsnodes_deaths: 0.
num_space_committed: 34.
num_space_uncommitted: 0.
num_chunks_returned_to_freelist: 0.
num_chunks_taken_from_freelist: 111.
num_chunk_merges: 0.
num_chunk_splits: 75.
num_chunks_enlarged: 48.
num_inconsistent_stats: 0.

CodeHeap 'non-profiled nmethods': size=120000Kb used=146Kb max_used=146Kb free=119853Kb
 bounds [0x000001846f5d0000, 0x000001846f840000, 0x0000018476b00000]
CodeHeap 'profiled nmethods': size=120000Kb used=634Kb max_used=634Kb free=119365Kb
 bounds [0x0000018467b00000, 0x0000018467d70000, 0x000001846f030000]
CodeHeap 'non-nmethods': size=5760Kb used=1293Kb max_used=1306Kb free=4467Kb
 bounds [0x000001846f030000, 0x000001846f2a0000, 0x000001846f5d0000]
 total_blobs=894 nmethods=460 adapters=345
 compilation: enabled
              stopped_count=0, restarted_count=0
 full_count=0

Compilation events (20 events):
Event: 1.160 Thread 0x000001847e28b780  451       3       java.lang.StringLatin1::indexOf (36 bytes)
Event: 1.160 Thread 0x000001847e28b780 nmethod 451 0x0000018467b9b190 code [0x0000018467b9b360, 0x0000018467b9b688]
Event: 1.162 Thread 0x000001847e28b780  452       3       java.lang.StringConcatHelper::prepend (37 bytes)
Event: 1.162 Thread 0x000001847e28b780 nmethod 452 0x0000018467b9b790 code [0x0000018467b9b960, 0x0000018467b9bc58]
Event: 1.162 Thread 0x000001847e28b780  453       3       java.lang.StringBuilder::append (8 bytes)
Event: 1.162 Thread 0x000001847e28b780 nmethod 453 0x0000018467b9bd90 code [0x0000018467b9bf40, 0x0000018467b9c088]
Event: 1.162 Thread 0x000001847e28b780  454       3       java.lang.AbstractStringBuilder::append (55 bytes)
Event: 1.162 Thread 0x000001847e28b780 nmethod 454 0x0000018467b9c110 code [0x0000018467b9c300, 0x0000018467b9c638]
Event: 1.164 Thread 0x000001847e27fa10  455       4       java.util.concurrent.ConcurrentHashMap::tabAt (22 bytes)
Event: 1.164 Thread 0x000001847e28b780  456       3       jdk.internal.org.objectweb.asm.SymbolTable::addConstantMemberReference (147 bytes)
Event: 1.164 Thread 0x000001847e27fa10 nmethod 455 0x000001846f5f4710 code [0x000001846f5f4880, 0x000001846f5f48d8]
Event: 1.164 Thread 0x000001847e28b780 nmethod 456 0x0000018467b9c790 code [0x0000018467b9ca20, 0x0000018467b9d308]
Event: 1.164 Thread 0x000001847e28b780  457       3       jdk.internal.org.objectweb.asm.SymbolTable::hash (20 bytes)
Event: 1.164 Thread 0x000001847e28b780 nmethod 457 0x0000018467b9d890 code [0x0000018467b9da60, 0x0000018467b9dc28]
Event: 1.166 Thread 0x000001847e28b780  458       3       java.util.Objects::checkFromIndexSize (8 bytes)
Event: 1.167 Thread 0x000001847e28b780 nmethod 458 0x0000018467b9dd90 code [0x0000018467b9df40, 0x0000018467b9e168]
Event: 1.168 Thread 0x000001847e28b780  459       3       jdk.internal.jimage.ImageStringsReader::hashCode (33 bytes)
Event: 1.170 Thread 0x000001847e28b780 nmethod 459 0x0000018467b9e290 code [0x0000018467b9e440, 0x0000018467b9e5b8]
Event: 1.170 Thread 0x000001847e28b780  460       3       java.util.Optional::empty (6 bytes)
Event: 1.170 Thread 0x000001847e28b780 nmethod 460 0x0000018467b9e690 code [0x0000018467b9e820, 0x0000018467b9e918]

GC Heap History (0 events):
No events

Dll operation events (9 events):
Event: 0.022 Loaded shared library C:\Program Files\Java\jdk-19\bin\java.dll
Event: 0.024 Loaded shared library C:\Program Files\Java\jdk-19\bin\zip.dll
Event: 0.031 Loaded shared library C:\Program Files\Java\jdk-19\bin\jsvml.dll
Event: 0.961 Loaded shared library C:\Program Files\Java\jdk-19\bin\instrument.dll
Event: 1.020 Loaded shared library C:\Program Files\Java\jdk-19\bin\net.dll
Event: 1.021 Loaded shared library C:\Program Files\Java\jdk-19\bin\nio.dll
Event: 1.034 Loaded shared library C:\Program Files\Java\jdk-19\bin\zip.dll
Event: 1.102 Loaded shared library C:\Program Files\Java\jdk-19\bin\jimage.dll
Event: 1.130 Loaded shared library C:\Users\zmoba\AppData\Local\Temp\lwjglzmoba\3.3.1-build-7\lwjgl.dll

Deoptimization events (6 events):
Event: 0.992 Thread 0x000001845e398ac0 Uncommon trap: trap_request=0xffffff45 fr.pc=0x000001846f5e0b58 relative=0x00000000000000b8
Event: 0.992 Thread 0x000001845e398ac0 Uncommon trap: reason=unstable_if action=reinterpret pc=0x000001846f5e0b58 method=java.lang.String.isLatin1()Z @ 10 c2
Event: 0.992 Thread 0x000001845e398ac0 DEOPT PACKING pc=0x000001846f5e0b58 sp=0x0000003a1bafee90
Event: 0.992 Thread 0x000001845e398ac0 DEOPT UNPACKING pc=0x000001846f096da3 sp=0x0000003a1bafede0 mode 2
Event: 1.160 Thread 0x000001845e398ac0 DEOPT PACKING pc=0x0000018467b2e96a sp=0x0000003a1baf9530
Event: 1.160 Thread 0x000001845e398ac0 DEOPT UNPACKING pc=0x000001846f097543 sp=0x0000003a1baf8950 mode 0

Classes loaded (20 events):
Event: 1.160 Loading class java/nio/BufferUnderflowException
Event: 1.160 Loading class java/nio/BufferUnderflowException done
Event: 1.160 Loading class org/lwjgl/system/MemoryStack
Event: 1.160 Loading class org/lwjgl/system/MemoryStack done
Event: 1.161 Loading class java/lang/IndexOutOfBoundsException
Event: 1.162 Loading class java/lang/IndexOutOfBoundsException done
Event: 1.162 Loading class org/lwjgl/system/MemoryStack$DebugMemoryStack
Event: 1.162 Loading class org/lwjgl/system/MemoryStack$DebugMemoryStack done
Event: 1.164 Loading class org/lwjgl/system/MemoryStack
Event: 1.164 Loading class org/lwjgl/system/MemoryStack done
Event: 1.164 Loading class org/lwjgl/system/MemoryStack
Event: 1.164 Loading class org/lwjgl/system/MemoryStack done
Event: 1.164 Loading class org/lwjgl/BufferUtils
Event: 1.164 Loading class org/lwjgl/BufferUtils done
Event: 1.165 Loading class org/lwjgl/system/windows/WinBase
Event: 1.165 Loading class org/lwjgl/system/windows/WinBase done
Event: 1.166 Loading class org/lwjgl/system/ThreadLocalUtil
Event: 1.166 Loading class org/lwjgl/system/ThreadLocalUtil done
Event: 1.169 Loading class org/lwjgl/glfw/GLFW$Functions
Event: 1.169 Loading class org/lwjgl/glfw/GLFW$Functions done

Classes unloaded (0 events):
No events

Classes redefined (0 events):
No events

Internal exceptions (20 events):
Event: 0.962 Thread 0x000001845e398ac0 Exception <a 'java/lang/NoSuchMethodError'{0x0000000090b4f838}: 'void java.lang.invoke.DirectMethodHandle$Holder.invokeStatic(java.lang.Object, java.lang.Object, java.lang.Object)'> (0x0000000090b4f838) 
thrown [s\open\src\hotspot\share\interpreter\linkResolver.cpp, line 774]
Event: 0.969 Thread 0x000001845e398ac0 Exception <a 'java/lang/NoSuchMethodError'{0x0000000090b67e30}: 'java.lang.Object java.lang.invoke.Invokers$Holder.invokeExact_MT(java.lang.Object, java.lang.Object, java.lang.Object, java.lang.Object, java.lang.Object)'> (0x0000000090b67e30) 
thrown [s\open\src\hotspot\share\interpreter\linkResolver.cpp, line 774]
Event: 1.080 Thread 0x000001845e398ac0 Exception <a 'java/lang/NoSuchMethodError'{0x0000000090835ca0}: 'void java.lang.invoke.DirectMethodHandle$Holder.invokeStatic(java.lang.Object, java.lang.Object)'> (0x0000000090835ca0) 
thrown [s\open\src\hotspot\share\interpreter\linkResolver.cpp, line 774]
Event: 1.082 Thread 0x000001845e398ac0 Exception <a 'java/lang/NoSuchMethodError'{0x0000000090840560}: 'void java.lang.System.load(java.lang.String, java.lang.Class)'> (0x0000000090840560) 
thrown [s\open\src\hotspot\share\interpreter\linkResolver.cpp, line 774]
Event: 1.082 Thread 0x000001845e398ac0 Exception <a 'java/lang/NoSuchMethodError'{0x0000000090840f60}: 'void java.lang.invoke.DirectMethodHandle$Holder.invokeSpecial(java.lang.Object, java.lang.Object, java.lang.Object)'> (0x0000000090840f60) 
thrown [s\open\src\hotspot\share\interpreter\linkResolver.cpp, line 774]
Event: 1.085 Thread 0x000001845e398ac0 Exception <a 'java/lang/NoSuchMethodError'{0x0000000090855598}: 'java.lang.Object java.lang.invoke.DirectMethodHandle$Holder.invokeStatic(java.lang.Object, java.lang.Object, int)'> (0x0000000090855598) 
thrown [s\open\src\hotspot\share\interpreter\linkResolver.cpp, line 774]
Event: 1.086 Thread 0x000001845e398ac0 Exception <a 'java/lang/NoSuchMethodError'{0x0000000090861318}: 'void java.lang.invoke.DelegatingMethodHandle$Holder.delegate(java.lang.Object, java.lang.Object, int, java.lang.Object)'> (0x0000000090861318) 
thrown [s\open\src\hotspot\share\interpreter\linkResolver.cpp, line 774]
Event: 1.087 Thread 0x000001845e398ac0 Exception <a 'java/lang/NoSuchMethodError'{0x0000000090865318}: 'int java.lang.invoke.DirectMethodHandle$Holder.invokeSpecial(java.lang.Object, java.lang.Object, java.lang.Object)'> (0x0000000090865318) 
thrown [s\open\src\hotspot\share\interpreter\linkResolver.cpp, line 774]
Event: 1.092 Thread 0x000001845e398ac0 Exception <a 'java/lang/NoSuchMethodError'{0x0000000090882b20}: 'void java.lang.System.loadLibrary(java.lang.String, java.lang.Class)'> (0x0000000090882b20) 
thrown [s\open\src\hotspot\share\interpreter\linkResolver.cpp, line 774]
Event: 1.128 Thread 0x000001845e398ac0 Exception <a 'sun/nio/fs/WindowsException'{0x0000000090747038}> (0x0000000090747038) 
thrown [s\open\src\hotspot\share\prims\jni.cpp, line 517]
Event: 1.129 Thread 0x000001845e398ac0 Exception <a 'sun/nio/fs/WindowsException'{0x0000000090748660}> (0x0000000090748660) 
thrown [s\open\src\hotspot\share\prims\jni.cpp, line 517]
Event: 1.140 Thread 0x000001845e398ac0 Exception <a 'sun/nio/fs/WindowsException'{0x0000000090773c08}> (0x0000000090773c08) 
thrown [s\open\src\hotspot\share\prims\jni.cpp, line 517]
Event: 1.140 Thread 0x000001845e398ac0 Exception <a 'sun/nio/fs/WindowsException'{0x0000000090773f68}> (0x0000000090773f68) 
thrown [s\open\src\hotspot\share\prims\jni.cpp, line 517]
Event: 1.145 Thread 0x000001845e398ac0 Exception <a 'java/lang/NoSuchMethodError'{0x00000000907b62b8}: 'java.lang.Object java.lang.invoke.DirectMethodHandle$Holder.invokeStaticInit(java.lang.Object)'> (0x00000000907b62b8) 
thrown [s\open\src\hotspot\share\interpreter\linkResolver.cpp, line 774]
Event: 1.153 Thread 0x000001845e398ac0 Exception <a 'java/lang/NoSuchMethodError'{0x00000000907e4090}: 'int java.lang.invoke.DirectMethodHandle$Holder.invokeStaticInit(java.lang.Object, java.lang.Object, int, long)'> (0x00000000907e4090) 
thrown [s\open\src\hotspot\share\interpreter\linkResolver.cpp, line 774]
Event: 1.153 Thread 0x000001845e398ac0 Exception <a 'java/lang/NoSuchMethodError'{0x00000000907e9960}: 'java.lang.Object java.lang.invoke.DirectMethodHandle$Holder.newInvokeSpecial(java.lang.Object, java.lang.Object, int)'> (0x00000000907e9960) 
thrown [s\open\src\hotspot\share\interpreter\linkResolver.cpp, line 774]
Event: 1.156 Thread 0x000001845e398ac0 Exception <a 'java/lang/NoSuchMethodError'{0x00000000907fdeb8}: 'int java.lang.invoke.DirectMethodHandle$Holder.invokeStaticInit(java.lang.Object, java.lang.Object, long, long)'> (0x00000000907fdeb8) 
thrown [s\open\src\hotspot\share\interpreter\linkResolver.cpp, line 774]
Event: 1.157 Thread 0x000001845e398ac0 Exception <a 'java/lang/NoSuchMethodError'{0x0000000090604468}: 'java.lang.Object java.lang.invoke.DirectMethodHandle$Holder.newInvokeSpecial(java.lang.Object, java.lang.Object, long)'> (0x0000000090604468) 
thrown [s\open\src\hotspot\share\interpreter\linkResolver.cpp, line 774]
Event: 1.157 Thread 0x000001845e398ac0 Exception <a 'java/lang/NoSuchMethodError'{0x00000000906084c8}: 'java.lang.Object java.lang.invoke.Invokers$Holder.linkToTargetMethod(java.lang.Object, long, java.lang.Object)'> (0x00000000906084c8) 
thrown [s\open\src\hotspot\share\interpreter\linkResolver.cpp, line 774]
Event: 1.158 Thread 0x000001845e398ac0 Exception <a 'java/lang/NoSuchMethodError'{0x000000009060fa50}: 'int java.lang.invoke.DirectMethodHandle$Holder.invokeStaticInit(java.lang.Object, java.lang.Object, java.lang.Object, long)'> (0x000000009060fa50) 
thrown [s\open\src\hotspot\share\interpreter\linkResolver.cpp, line 774]

VM Operations (8 events):
Event: 0.084 Executing VM operation: HandshakeAllThreads
Event: 0.084 Executing VM operation: HandshakeAllThreads done
Event: 0.114 Executing VM operation: ChangeBreakpoints
Event: 0.114 Executing VM operation: ChangeBreakpoints done
Event: 0.952 Executing VM operation: ChangeBreakpoints
Event: 0.952 Executing VM operation: ChangeBreakpoints done
Event: 0.958 Executing VM operation: ChangeBreakpoints
Event: 0.958 Executing VM operation: ChangeBreakpoints done

Events (15 events):
Event: 0.032 Thread 0x000001845e398ac0 Thread added: 0x000001845e398ac0
Event: 0.043 Thread 0x000001847e276270 Thread added: 0x000001847e276270
Event: 0.044 Thread 0x000001847e277000 Thread added: 0x000001847e277000
Event: 0.044 Thread 0x000001847e279da0 Thread added: 0x000001847e279da0
Event: 0.044 Thread 0x000001847e27b6e0 Thread added: 0x000001847e27b6e0
Event: 0.044 Thread 0x000001847e27e480 Thread added: 0x000001847e27e480
Event: 0.044 Thread 0x000001847e27edb0 Thread added: 0x000001847e27edb0
Event: 0.044 Thread 0x000001847e27fa10 Thread added: 0x000001847e27fa10
Event: 0.045 Thread 0x000001847e28b780 Thread added: 0x000001847e28b780
Event: 0.048 Thread 0x000001847e2cd320 Thread added: 0x000001847e2cd320
Event: 0.077 Thread 0x000001847e4a84a0 Thread added: 0x000001847e4a84a0
Event: 0.112 Thread 0x000001847e5319a0 Thread added: 0x000001847e5319a0
Event: 0.113 Thread 0x000001847e686f80 Thread added: 0x000001847e686f80
Event: 0.113 Thread 0x000001847e6874d0 Thread added: 0x000001847e6874d0
Event: 0.982 Thread 0x000001847e567c00 Thread added: 0x000001847e567c00


Dynamic libraries:
0x00007ff7673e0000 - 0x00007ff7673f0000 	C:\Program Files\Java\jdk-19\bin\java.exe
0x00007ffbf7250000 - 0x00007ffbf7466000 	C:\WINDOWS\SYSTEM32\ntdll.dll
0x00007ffbeb8f0000 - 0x00007ffbeb909000 	C:\Program Files\Avast Software\Avast\aswhook.dll
0x00007ffbf5b00000 - 0x00007ffbf5bc4000 	C:\WINDOWS\System32\KERNEL32.DLL
0x00007ffbf4b30000 - 0x00007ffbf4ed7000 	C:\WINDOWS\System32\KERNELBASE.dll
0x00007ffbf45a0000 - 0x00007ffbf46b1000 	C:\WINDOWS\System32\ucrtbase.dll
0x00007ffbd4250000 - 0x00007ffbd4268000 	C:\Program Files\Java\jdk-19\bin\jli.dll
0x00007ffbf6a90000 - 0x00007ffbf6b42000 	C:\WINDOWS\System32\ADVAPI32.dll
0x00007ffbf59a0000 - 0x00007ffbf5a47000 	C:\WINDOWS\System32\msvcrt.dll
0x00007ffbf5a50000 - 0x00007ffbf5af8000 	C:\WINDOWS\System32\sechost.dll
0x00007ffbf4570000 - 0x00007ffbf4598000 	C:\WINDOWS\System32\bcrypt.dll
0x00007ffbf6b50000 - 0x00007ffbf6c65000 	C:\WINDOWS\System32\RPCRT4.dll
0x00007ffbf68e0000 - 0x00007ffbf6a8e000 	C:\WINDOWS\System32\USER32.dll
0x00007ffbf4b00000 - 0x00007ffbf4b26000 	C:\WINDOWS\System32\win32u.dll
0x00007ffbf67b0000 - 0x00007ffbf67d9000 	C:\WINDOWS\System32\GDI32.dll
0x00007ffbf4730000 - 0x00007ffbf4849000 	C:\WINDOWS\System32\gdi32full.dll
0x00007ffbf4ee0000 - 0x00007ffbf4f7a000 	C:\WINDOWS\System32\msvcp_win.dll
0x00007ffbd0cc0000 - 0x00007ffbd0cdb000 	C:\Program Files\Java\jdk-19\bin\VCRUNTIME140.dll
0x00007ffbe2740000 - 0x00007ffbe29d3000 	C:\WINDOWS\WinSxS\amd64_microsoft.windows.common-controls_6595b64144ccf1df_6.0.22621.3235_none_270f74e173860f98\COMCTL32.dll
0x00007ffbeaac0000 - 0x00007ffbeaaca000 	C:\WINDOWS\SYSTEM32\VERSION.dll
0x00007ffbf4f80000 - 0x00007ffbf4fb1000 	C:\WINDOWS\System32\IMM32.DLL
0x00007ffbd7b80000 - 0x00007ffbd7b8c000 	C:\Program Files\Java\jdk-19\bin\vcruntime140_1.dll
0x00007ffbb1d40000 - 0x00007ffbb1dce000 	C:\Program Files\Java\jdk-19\bin\msvcp140.dll
0x00007ffb40710000 - 0x00007ffb413d0000 	C:\Program Files\Java\jdk-19\bin\server\jvm.dll
0x00007ffbddc00000 - 0x00007ffbddc09000 	C:\WINDOWS\SYSTEM32\WSOCK32.dll
0x00007ffbf5120000 - 0x00007ffbf5191000 	C:\WINDOWS\System32\WS2_32.dll
0x00007ffbeb2e0000 - 0x00007ffbeb314000 	C:\WINDOWS\SYSTEM32\WINMM.dll
0x00007ffbf3590000 - 0x00007ffbf35a8000 	C:\WINDOWS\SYSTEM32\kernel.appcore.dll
0x00007ffbd7ae0000 - 0x00007ffbd7aea000 	C:\Program Files\Java\jdk-19\bin\jimage.dll
0x00007ffbf1ba0000 - 0x00007ffbf1dd3000 	C:\WINDOWS\SYSTEM32\DBGHELP.DLL
0x00007ffbf6cd0000 - 0x00007ffbf7058000 	C:\WINDOWS\System32\combase.dll
0x00007ffbf5d60000 - 0x00007ffbf5e37000 	C:\WINDOWS\System32\OLEAUT32.dll
0x00007ffbe26e0000 - 0x00007ffbe2712000 	C:\WINDOWS\SYSTEM32\dbgcore.DLL
0x00007ffbf4a80000 - 0x00007ffbf4af9000 	C:\WINDOWS\System32\bcryptPrimitives.dll
0x00007ffbdf620000 - 0x00007ffbdf65c000 	C:\Program Files\Java\jdk-19\bin\jdwp.dll
0x00007ffbedb30000 - 0x00007ffbedb3e000 	C:\Program Files\Java\jdk-19\bin\instrument.dll
0x00007ffbceb40000 - 0x00007ffbceb66000 	C:\Program Files\Java\jdk-19\bin\java.dll
0x00007ffbcefe0000 - 0x00007ffbceff8000 	C:\Program Files\Java\jdk-19\bin\zip.dll
0x00007ffbb1c60000 - 0x00007ffbb1d37000 	C:\Program Files\Java\jdk-19\bin\jsvml.dll
0x00007ffbf5e40000 - 0x00007ffbf669c000 	C:\WINDOWS\System32\SHELL32.dll
0x00007ffbf2480000 - 0x00007ffbf2d79000 	C:\WINDOWS\SYSTEM32\windows.storage.dll
0x00007ffbf2340000 - 0x00007ffbf247e000 	C:\WINDOWS\SYSTEM32\wintypes.dll
0x00007ffbf5bd0000 - 0x00007ffbf5cc3000 	C:\WINDOWS\System32\SHCORE.dll
0x00007ffbf6c70000 - 0x00007ffbf6cce000 	C:\WINDOWS\System32\shlwapi.dll
0x00007ffbf44a0000 - 0x00007ffbf44c1000 	C:\WINDOWS\SYSTEM32\profapi.dll
0x00007ffbedb10000 - 0x00007ffbedb1c000 	C:\Program Files\Java\jdk-19\bin\dt_socket.dll
0x00007ffbf2ff0000 - 0x00007ffbf301d000 	C:\WINDOWS\SYSTEM32\IPHLPAPI.DLL
0x00007ffbf3a20000 - 0x00007ffbf3a89000 	C:\WINDOWS\system32\mswsock.dll
0x00007ffbd05d0000 - 0x00007ffbd05e3000 	C:\Program Files\Java\jdk-19\bin\net.dll
0x00007ffbedd50000 - 0x00007ffbede86000 	C:\WINDOWS\SYSTEM32\WINHTTP.dll
0x00007ffbd0460000 - 0x00007ffbd0476000 	C:\Program Files\Java\jdk-19\bin\nio.dll
0x00007ffbd0ab0000 - 0x00007ffbd0b25000 	C:\Users\zmoba\AppData\Local\Temp\lwjglzmoba\3.3.1-build-7\lwjgl.dll
0x00007ffbd0d00000 - 0x00007ffbd0d61000 	C:\Users\zmoba\AppData\Local\Temp\lwjglzmoba\3.3.1-build-7\glfw.dll

dbghelp: loaded successfully - version: 4.0.5 - missing functions: none
symbol engine: initialized successfully - sym options: 0x614 - pdb path: .;C:\Program Files\Java\jdk-19\bin;C:\WINDOWS\SYSTEM32;C:\Program Files\Avast Software\Avast;C:\WINDOWS\WinSxS\amd64_microsoft.windows.common-controls_6595b64144ccf1df_6.0.22621.3235_none_270f74e173860f98;C:\Program Files\Java\jdk-19\bin\server;C:\Users\zmoba\AppData\Local\Temp\lwjglzmoba\3.3.1-build-7

VM Arguments:
jvm_args: -agentlib:jdwp=transport=dt_socket,address=127.0.0.1:51401,suspend=y,server=n -javaagent:C:\Users\zmoba\AppData\Local\JetBrains\IntelliJIdea2023.3\captureAgent\debugger-agent.jar -Dfile.encoding=UTF-8 -Dsun.stdout.encoding=UTF-8 -Dsun.stderr.encoding=UTF-8 
java_command: ShadowMario
java_class_path (initial): C:\Users\zmoba\OneDrive\Desktop\UniMelb\Sem 3\OOSD\Project\mobassharz-project-2\target\classes;C:\Users\zmoba\.m2\repository\org\lwjgl\lwjgl\3.3.1\lwjgl-3.3.1.jar;C:\Users\zmoba\.m2\repository\org\lwjgl\lwjgl-assimp\3.3.1\lwjgl-assimp-3.3.1.jar;C:\Users\zmoba\.m2\repository\org\lwjgl\lwjgl-glfw\3.3.1\lwjgl-glfw-3.3.1.jar;C:\Users\zmoba\.m2\repository\org\lwjgl\lwjgl-openal\3.3.1\lwjgl-openal-3.3.1.jar;C:\Users\zmoba\.m2\repository\org\lwjgl\lwjgl-opengl\3.3.1\lwjgl-opengl-3.3.1.jar;C:\Users\zmoba\.m2\repository\org\lwjgl\lwjgl-stb\3.3.1\lwjgl-stb-3.3.1.jar;C:\Users\zmoba\.m2\repository\org\lwjgl\lwjgl\3.3.1\lwjgl-3.3.1-natives-windows.jar;C:\Users\zmoba\.m2\repository\org\lwjgl\lwjgl-assimp\3.3.1\lwjgl-assimp-3.3.1-natives-windows.jar;C:\Users\zmoba\.m2\repository\org\lwjgl\lwjgl-glfw\3.3.1\lwjgl-glfw-3.3.1-natives-windows.jar;C:\Users\zmoba\.m2\repository\org\lwjgl\lwjgl-openal\3.3.1\lwjgl-openal-3.3.1-natives-windows.jar;C:\Users\zmoba\.m2\repository\org\lwjgl\lwjgl-opengl\3.3.1\lwjgl-opengl-3.3.1-natives-windows.jar;C:\Users\zmoba\.m2\repository\org\lwjgl\lwjgl-stb\3.3.1\lwjgl-stb-3.3.1-natives-windows.jar;C:\Users\zmoba\.m2\repository\io\github\eleanor-em\bagel\1.9.3\bagel-1.9.3.jar;C:\Program Files\JetBrains\IntelliJ IDEA 2023.3.6\lib\idea_rt.jar
Launcher Type: SUN_STANDARD

[Global flags]
     intx CICompilerCount                          = 3                                         {product} {ergonomic}
     uint ConcGCThreads                            = 2                                         {product} {ergonomic}
     uint G1ConcRefinementThreads                  = 6                                         {product} {ergonomic}
   size_t G1HeapRegionSize                         = 1048576                                   {product} {ergonomic}
    uintx GCDrainStackTargetSize                   = 64                                        {product} {ergonomic}
   size_t InitialHeapSize                          = 125829120                                 {product} {ergonomic}
   size_t MarkStackSize                            = 4194304                                   {product} {ergonomic}
   size_t MaxHeapSize                              = 1990197248                                {product} {ergonomic}
   size_t MaxNewSize                               = 1193279488                                {product} {ergonomic}
   size_t MinHeapDeltaBytes                        = 1048576                                   {product} {ergonomic}
   size_t MinHeapSize                              = 8388608                                   {product} {ergonomic}
    uintx NonNMethodCodeHeapSize                   = 5832780                                {pd product} {ergonomic}
    uintx NonProfiledCodeHeapSize                  = 122912730                              {pd product} {ergonomic}
    uintx ProfiledCodeHeapSize                     = 122912730                              {pd product} {ergonomic}
    uintx ReservedCodeCacheSize                    = 251658240                              {pd product} {ergonomic}
     bool SegmentedCodeCache                       = true                                      {product} {ergonomic}
   size_t SoftMaxHeapSize                          = 1990197248                             {manageable} {ergonomic}
     bool UseCompressedClassPointers               = true                           {product lp64_product} {ergonomic}
     bool UseCompressedOops                        = true                           {product lp64_product} {ergonomic}
     bool UseG1GC                                  = true                                      {product} {ergonomic}
     bool UseLargePagesIndividualAllocation        = false                                  {pd product} {ergonomic}

Logging:
Log output configuration:
 #0: stdout all=warning uptime,level,tags foldmultilines=false
 #1: stderr all=off uptime,level,tags foldmultilines=false

Environment Variables:
PATH=C:\Program Files\Zulu\zulu-8\bin\;C:\Program Files\Common Files\Oracle\Java\javapath;C:\WINDOWS\system32;C:\WINDOWS;C:\WINDOWS\System32\Wbem;C:\WINDOWS\System32\WindowsPowerShell\v1.0\;C:\WINDOWS\System32\OpenSSH\;C:\Program Files\MATLAB\R2023a\bin;C:\Program Files\Git\cmd;C:\Users\zmoba\AppData\Local\Programs\Python\Python310\Scripts\;C:\Users\zmoba\AppData\Local\Programs\Python\Python310\;C:\Users\zmoba\AppData\Local\Microsoft\WindowsApps;C:\Users\zmoba\AppData\Local\Programs\Microsoft VS Code\bin;C:\msys64\mingw64\bin;
USERNAME=zmoba
OS=Windows_NT
PROCESSOR_IDENTIFIER=AMD64 Family 23 Model 96 Stepping 1, AuthenticAMD
TMP=C:\Users\zmoba\AppData\Local\Temp
TEMP=C:\Users\zmoba\AppData\Local\Temp



---------------  S Y S T E M  ---------------

OS:
 Windows 11 , 64 bit Build 22621 (10.0.22621.3374)
OS uptime: 15 days 23:20 hours
Hyper-V role detected

CPU: total 6 (initial active 6) (6 cores per cpu, 1 threads per core) family 23 model 96 stepping 1 microcode 0x0, cx8, cmov, fxsr, mmx, 3dnowpref, sse, sse2, sse3, ssse3, sse4a, sse4.1, sse4.2, popcnt, lzcnt, tsc, tscinvbit, avx, avx2, aes, clmul, bmi1, bmi2, adx, sha, fma, vzeroupper, clflush, clflushopt, hv, rdtscp, rdpid

Memory: 4k page, system-wide physical 7590M (1023M free)
TotalPageFile size 21312M (AvailPageFile size 4271M)
current process WorkingSet (physical memory assigned to process): 44M, peak: 44M
current process commit charge ("private bytes"): 203M, peak: 203M

vm_info: Java HotSpot(TM) 64-Bit Server VM (19.0.1+10-21) for windows-amd64 JRE (19.0.1+10-21), built on 2022-09-14T12:45:06Z by "mach5one" with MS VC++ 17.1 (VS2022)

END.
